<?xml version="1.0" encoding="UTF-8"?>
<testng-results skipped="0" failed="0" ignored="0" total="2" passed="2">
  <reporter-output>
  </reporter-output>
  <suite name="Default suite" duration-ms="22885" started-at="2019-09-29T10:08:02Z" finished-at="2019-09-29T10:08:25Z">
    <groups>
    </groups>
    <test name="Default test" duration-ms="22885" started-at="2019-09-29T10:08:02Z" finished-at="2019-09-29T10:08:25Z">
      <class name="testcase.Nukarilogin">
        <test-method status="PASS" signature="beforeTest()[pri:0, instance:testcase.Nukarilogin@198378d]" name="beforeTest" is-config="true" duration-ms="20129" started-at="2019-09-29T10:08:02Z" finished-at="2019-09-29T10:08:22Z">
          <reporter-output>
          </reporter-output>
        </test-method> <!-- beforeTest -->
        <test-method status="PASS" signature="home()[pri:0, instance:testcase.Nukarilogin@198378d]" name="home" duration-ms="57" started-at="2019-09-29T10:08:22Z" finished-at="2019-09-29T10:08:22Z">
          <reporter-output>
          </reporter-output>
        </test-method> <!-- home -->
        <test-method status="PASS" signature="login()[pri:2, instance:testcase.Nukarilogin@198378d]" name="login" duration-ms="2582" started-at="2019-09-29T10:08:22Z" finished-at="2019-09-29T10:08:25Z">
          <reporter-output>
          </reporter-output>
        </test-method> <!-- login -->
      </class> <!-- testcase.Nukarilogin -->
    </test> <!-- Default test -->
  </suite> <!-- Default suite -->
</testng-results>
